INFO - 2023-09-25 02:26:36 --> Session: Class initialized using 'CodeIgniter\Session\Handlers\FileHandler' driver.
ERROR - 2023-09-25 02:26:36 --> Error connecting to the database: ErrorException: Packets out of order. Expected 0 received 1. Packet size=68 in C:\xampp\htdocs\company-profile-3\system\Database\MySQLi\Connection.php:173
Stack trace:
#0 [internal function]: CodeIgniter\Debug\Exceptions->errorHandler(2, 'Packets out of ...', 'C:\\xampp\\htdocs...', 173)
#1 C:\xampp\htdocs\company-profile-3\system\Database\MySQLi\Connection.php(173): mysqli->real_connect('localhost', 'root', Object(SensitiveParameterValue), 'company_profile', 3306, '', 0)
#2 C:\xampp\htdocs\company-profile-3\system\Database\BaseConnection.php(391): CodeIgniter\Database\MySQLi\Connection->connect(false)
#3 C:\xampp\htdocs\company-profile-3\system\Database\BaseConnection.php(574): CodeIgniter\Database\BaseConnection->initialize()
#4 C:\xampp\htdocs\company-profile-3\system\Database\BaseBuilder.php(1616): CodeIgniter\Database\BaseConnection->query('SELECT *\nFROM `...', Array, false)
#5 C:\xampp\htdocs\company-profile-3\system\Model.php(241): CodeIgniter\Database\BaseBuilder->get()
#6 C:\xampp\htdocs\company-profile-3\system\BaseModel.php(618): CodeIgniter\Model->doFindAll(0, 0)
#7 C:\xampp\htdocs\company-profile-3\app\Controllers\user\Homectrl.php(28): CodeIgniter\BaseModel->findAll()
#8 C:\xampp\htdocs\company-profile-3\system\CodeIgniter.php(932): App\Controllers\user\Homectrl->index()
#9 C:\xampp\htdocs\company-profile-3\system\CodeIgniter.php(497): CodeIgniter\CodeIgniter->runController(Object(App\Controllers\user\Homectrl))
#10 C:\xampp\htdocs\company-profile-3\system\CodeIgniter.php(366): CodeIgniter\CodeIgniter->handleRequest(NULL, Object(Config\Cache), false)
#11 C:\xampp\htdocs\company-profile-3\public\index.php(67): CodeIgniter\CodeIgniter->run()
#12 C:\xampp\htdocs\company-profile-3\system\Commands\Server\rewrite.php(47): require_once('C:\\xampp\\htdocs...')
#13 {main}

Next mysqli_sql_exception: MySQL server has gone away in C:\xampp\htdocs\company-profile-3\system\Database\MySQLi\Connection.php:173
Stack trace:
#0 C:\xampp\htdocs\company-profile-3\system\Database\MySQLi\Connection.php(173): mysqli->real_connect('localhost', 'root', Object(SensitiveParameterValue), 'company_profile', 3306, '', 0)
#1 C:\xampp\htdocs\company-profile-3\system\Database\BaseConnection.php(391): CodeIgniter\Database\MySQLi\Connection->connect(false)
#2 C:\xampp\htdocs\company-profile-3\system\Database\BaseConnection.php(574): CodeIgniter\Database\BaseConnection->initialize()
#3 C:\xampp\htdocs\company-profile-3\system\Database\BaseBuilder.php(1616): CodeIgniter\Database\BaseConnection->query('SELECT *\nFROM `...', Array, false)
#4 C:\xampp\htdocs\company-profile-3\system\Model.php(241): CodeIgniter\Database\BaseBuilder->get()
#5 C:\xampp\htdocs\company-profile-3\system\BaseModel.php(618): CodeIgniter\Model->doFindAll(0, 0)
#6 C:\xampp\htdocs\company-profile-3\app\Controllers\user\Homectrl.php(28): CodeIgniter\BaseModel->findAll()
#7 C:\xampp\htdocs\company-profile-3\system\CodeIgniter.php(932): App\Controllers\user\Homectrl->index()
#8 C:\xampp\htdocs\company-profile-3\system\CodeIgniter.php(497): CodeIgniter\CodeIgniter->runController(Object(App\Controllers\user\Homectrl))
#9 C:\xampp\htdocs\company-profile-3\system\CodeIgniter.php(366): CodeIgniter\CodeIgniter->handleRequest(NULL, Object(Config\Cache), false)
#10 C:\xampp\htdocs\company-profile-3\public\index.php(67): CodeIgniter\CodeIgniter->run()
#11 C:\xampp\htdocs\company-profile-3\system\Commands\Server\rewrite.php(47): require_once('C:\\xampp\\htdocs...')
#12 {main}

Next CodeIgniter\Database\Exceptions\DatabaseException: MySQL server has gone away in C:\xampp\htdocs\company-profile-3\system\Database\MySQLi\Connection.php:218
Stack trace:
#0 C:\xampp\htdocs\company-profile-3\system\Database\BaseConnection.php(391): CodeIgniter\Database\MySQLi\Connection->connect(false)
#1 C:\xampp\htdocs\company-profile-3\system\Database\BaseConnection.php(574): CodeIgniter\Database\BaseConnection->initialize()
#2 C:\xampp\htdocs\company-profile-3\system\Database\BaseBuilder.php(1616): CodeIgniter\Database\BaseConnection->query('SELECT *\nFROM `...', Array, false)
#3 C:\xampp\htdocs\company-profile-3\system\Model.php(241): CodeIgniter\Database\BaseBuilder->get()
#4 C:\xampp\htdocs\company-profile-3\system\BaseModel.php(618): CodeIgniter\Model->doFindAll(0, 0)
#5 C:\xampp\htdocs\company-profile-3\app\Controllers\user\Homectrl.php(28): CodeIgniter\BaseModel->findAll()
#6 C:\xampp\htdocs\company-profile-3\system\CodeIgniter.php(932): App\Controllers\user\Homectrl->index()
#7 C:\xampp\htdocs\company-profile-3\system\CodeIgniter.php(497): CodeIgniter\CodeIgniter->runController(Object(App\Controllers\user\Homectrl))
#8 C:\xampp\htdocs\company-profile-3\system\CodeIgniter.php(366): CodeIgniter\CodeIgniter->handleRequest(NULL, Object(Config\Cache), false)
#9 C:\xampp\htdocs\company-profile-3\public\index.php(67): CodeIgniter\CodeIgniter->run()
#10 C:\xampp\htdocs\company-profile-3\system\Commands\Server\rewrite.php(47): require_once('C:\\xampp\\htdocs...')
#11 {main}
CRITICAL - 2023-09-25 02:26:36 --> Unable to connect to the database.
Main connection [MySQLi]: MySQL server has gone away
in SYSTEMPATH\Database\BaseConnection.php on line 427.
 1 SYSTEMPATH\Database\BaseConnection.php(574): CodeIgniter\Database\BaseConnection->initialize()
 2 SYSTEMPATH\Database\BaseBuilder.php(1616): CodeIgniter\Database\BaseConnection->query('SELECT *
FROM `tb_profil`', [], false)
 3 SYSTEMPATH\Model.php(241): CodeIgniter\Database\BaseBuilder->get()
 4 SYSTEMPATH\BaseModel.php(618): CodeIgniter\Model->doFindAll(0, 0)
 5 APPPATH\Controllers\user\Homectrl.php(28): CodeIgniter\BaseModel->findAll()
 6 SYSTEMPATH\CodeIgniter.php(932): App\Controllers\user\Homectrl->index()
 7 SYSTEMPATH\CodeIgniter.php(497): CodeIgniter\CodeIgniter->runController(Object(App\Controllers\user\Homectrl))
 8 SYSTEMPATH\CodeIgniter.php(366): CodeIgniter\CodeIgniter->handleRequest(null, Object(Config\Cache), false)
 9 FCPATH\index.php(67): CodeIgniter\CodeIgniter->run()
10 SYSTEMPATH\Commands\Server\rewrite.php(47): require_once('C:\\xampp\\htdocs\\company-profile-3\\public\\index.php')
INFO - 2023-09-25 02:26:39 --> Session: Class initialized using 'CodeIgniter\Session\Handlers\FileHandler' driver.
ERROR - 2023-09-25 02:26:39 --> Error connecting to the database: ErrorException: Packets out of order. Expected 0 received 1. Packet size=68 in C:\xampp\htdocs\company-profile-3\system\Database\MySQLi\Connection.php:173
Stack trace:
#0 [internal function]: CodeIgniter\Debug\Exceptions->errorHandler(2, 'Packets out of ...', 'C:\\xampp\\htdocs...', 173)
#1 C:\xampp\htdocs\company-profile-3\system\Database\MySQLi\Connection.php(173): mysqli->real_connect('localhost', 'root', Object(SensitiveParameterValue), 'company_profile', 3306, '', 0)
#2 C:\xampp\htdocs\company-profile-3\system\Database\BaseConnection.php(391): CodeIgniter\Database\MySQLi\Connection->connect(false)
#3 C:\xampp\htdocs\company-profile-3\system\Database\BaseConnection.php(574): CodeIgniter\Database\BaseConnection->initialize()
#4 C:\xampp\htdocs\company-profile-3\system\Database\BaseBuilder.php(1616): CodeIgniter\Database\BaseConnection->query('SELECT *\nFROM `...', Array, false)
#5 C:\xampp\htdocs\company-profile-3\system\Model.php(241): CodeIgniter\Database\BaseBuilder->get()
#6 C:\xampp\htdocs\company-profile-3\system\BaseModel.php(618): CodeIgniter\Model->doFindAll(0, 0)
#7 C:\xampp\htdocs\company-profile-3\app\Controllers\user\Homectrl.php(28): CodeIgniter\BaseModel->findAll()
#8 C:\xampp\htdocs\company-profile-3\system\CodeIgniter.php(932): App\Controllers\user\Homectrl->index()
#9 C:\xampp\htdocs\company-profile-3\system\CodeIgniter.php(497): CodeIgniter\CodeIgniter->runController(Object(App\Controllers\user\Homectrl))
#10 C:\xampp\htdocs\company-profile-3\system\CodeIgniter.php(366): CodeIgniter\CodeIgniter->handleRequest(NULL, Object(Config\Cache), false)
#11 C:\xampp\htdocs\company-profile-3\public\index.php(67): CodeIgniter\CodeIgniter->run()
#12 C:\xampp\htdocs\company-profile-3\system\Commands\Server\rewrite.php(47): require_once('C:\\xampp\\htdocs...')
#13 {main}

Next mysqli_sql_exception: MySQL server has gone away in C:\xampp\htdocs\company-profile-3\system\Database\MySQLi\Connection.php:173
Stack trace:
#0 C:\xampp\htdocs\company-profile-3\system\Database\MySQLi\Connection.php(173): mysqli->real_connect('localhost', 'root', Object(SensitiveParameterValue), 'company_profile', 3306, '', 0)
#1 C:\xampp\htdocs\company-profile-3\system\Database\BaseConnection.php(391): CodeIgniter\Database\MySQLi\Connection->connect(false)
#2 C:\xampp\htdocs\company-profile-3\system\Database\BaseConnection.php(574): CodeIgniter\Database\BaseConnection->initialize()
#3 C:\xampp\htdocs\company-profile-3\system\Database\BaseBuilder.php(1616): CodeIgniter\Database\BaseConnection->query('SELECT *\nFROM `...', Array, false)
#4 C:\xampp\htdocs\company-profile-3\system\Model.php(241): CodeIgniter\Database\BaseBuilder->get()
#5 C:\xampp\htdocs\company-profile-3\system\BaseModel.php(618): CodeIgniter\Model->doFindAll(0, 0)
#6 C:\xampp\htdocs\company-profile-3\app\Controllers\user\Homectrl.php(28): CodeIgniter\BaseModel->findAll()
#7 C:\xampp\htdocs\company-profile-3\system\CodeIgniter.php(932): App\Controllers\user\Homectrl->index()
#8 C:\xampp\htdocs\company-profile-3\system\CodeIgniter.php(497): CodeIgniter\CodeIgniter->runController(Object(App\Controllers\user\Homectrl))
#9 C:\xampp\htdocs\company-profile-3\system\CodeIgniter.php(366): CodeIgniter\CodeIgniter->handleRequest(NULL, Object(Config\Cache), false)
#10 C:\xampp\htdocs\company-profile-3\public\index.php(67): CodeIgniter\CodeIgniter->run()
#11 C:\xampp\htdocs\company-profile-3\system\Commands\Server\rewrite.php(47): require_once('C:\\xampp\\htdocs...')
#12 {main}

Next CodeIgniter\Database\Exceptions\DatabaseException: MySQL server has gone away in C:\xampp\htdocs\company-profile-3\system\Database\MySQLi\Connection.php:218
Stack trace:
#0 C:\xampp\htdocs\company-profile-3\system\Database\BaseConnection.php(391): CodeIgniter\Database\MySQLi\Connection->connect(false)
#1 C:\xampp\htdocs\company-profile-3\system\Database\BaseConnection.php(574): CodeIgniter\Database\BaseConnection->initialize()
#2 C:\xampp\htdocs\company-profile-3\system\Database\BaseBuilder.php(1616): CodeIgniter\Database\BaseConnection->query('SELECT *\nFROM `...', Array, false)
#3 C:\xampp\htdocs\company-profile-3\system\Model.php(241): CodeIgniter\Database\BaseBuilder->get()
#4 C:\xampp\htdocs\company-profile-3\system\BaseModel.php(618): CodeIgniter\Model->doFindAll(0, 0)
#5 C:\xampp\htdocs\company-profile-3\app\Controllers\user\Homectrl.php(28): CodeIgniter\BaseModel->findAll()
#6 C:\xampp\htdocs\company-profile-3\system\CodeIgniter.php(932): App\Controllers\user\Homectrl->index()
#7 C:\xampp\htdocs\company-profile-3\system\CodeIgniter.php(497): CodeIgniter\CodeIgniter->runController(Object(App\Controllers\user\Homectrl))
#8 C:\xampp\htdocs\company-profile-3\system\CodeIgniter.php(366): CodeIgniter\CodeIgniter->handleRequest(NULL, Object(Config\Cache), false)
#9 C:\xampp\htdocs\company-profile-3\public\index.php(67): CodeIgniter\CodeIgniter->run()
#10 C:\xampp\htdocs\company-profile-3\system\Commands\Server\rewrite.php(47): require_once('C:\\xampp\\htdocs...')
#11 {main}
CRITICAL - 2023-09-25 02:26:39 --> Unable to connect to the database.
Main connection [MySQLi]: MySQL server has gone away
in SYSTEMPATH\Database\BaseConnection.php on line 427.
 1 SYSTEMPATH\Database\BaseConnection.php(574): CodeIgniter\Database\BaseConnection->initialize()
 2 SYSTEMPATH\Database\BaseBuilder.php(1616): CodeIgniter\Database\BaseConnection->query('SELECT *
FROM `tb_profil`', [], false)
 3 SYSTEMPATH\Model.php(241): CodeIgniter\Database\BaseBuilder->get()
 4 SYSTEMPATH\BaseModel.php(618): CodeIgniter\Model->doFindAll(0, 0)
 5 APPPATH\Controllers\user\Homectrl.php(28): CodeIgniter\BaseModel->findAll()
 6 SYSTEMPATH\CodeIgniter.php(932): App\Controllers\user\Homectrl->index()
 7 SYSTEMPATH\CodeIgniter.php(497): CodeIgniter\CodeIgniter->runController(Object(App\Controllers\user\Homectrl))
 8 SYSTEMPATH\CodeIgniter.php(366): CodeIgniter\CodeIgniter->handleRequest(null, Object(Config\Cache), false)
 9 FCPATH\index.php(67): CodeIgniter\CodeIgniter->run()
10 SYSTEMPATH\Commands\Server\rewrite.php(47): require_once('C:\\xampp\\htdocs\\company-profile-3\\public\\index.php')
INFO - 2023-09-25 02:26:40 --> Session: Class initialized using 'CodeIgniter\Session\Handlers\FileHandler' driver.
ERROR - 2023-09-25 02:26:40 --> Error connecting to the database: ErrorException: Packets out of order. Expected 0 received 1. Packet size=68 in C:\xampp\htdocs\company-profile-3\system\Database\MySQLi\Connection.php:173
Stack trace:
#0 [internal function]: CodeIgniter\Debug\Exceptions->errorHandler(2, 'Packets out of ...', 'C:\\xampp\\htdocs...', 173)
#1 C:\xampp\htdocs\company-profile-3\system\Database\MySQLi\Connection.php(173): mysqli->real_connect('localhost', 'root', Object(SensitiveParameterValue), 'company_profile', 3306, '', 0)
#2 C:\xampp\htdocs\company-profile-3\system\Database\BaseConnection.php(391): CodeIgniter\Database\MySQLi\Connection->connect(false)
#3 C:\xampp\htdocs\company-profile-3\system\Database\BaseConnection.php(574): CodeIgniter\Database\BaseConnection->initialize()
#4 C:\xampp\htdocs\company-profile-3\system\Database\BaseBuilder.php(1616): CodeIgniter\Database\BaseConnection->query('SELECT *\nFROM `...', Array, false)
#5 C:\xampp\htdocs\company-profile-3\system\Model.php(241): CodeIgniter\Database\BaseBuilder->get()
#6 C:\xampp\htdocs\company-profile-3\system\BaseModel.php(618): CodeIgniter\Model->doFindAll(0, 0)
#7 C:\xampp\htdocs\company-profile-3\app\Controllers\user\Homectrl.php(28): CodeIgniter\BaseModel->findAll()
#8 C:\xampp\htdocs\company-profile-3\system\CodeIgniter.php(932): App\Controllers\user\Homectrl->index()
#9 C:\xampp\htdocs\company-profile-3\system\CodeIgniter.php(497): CodeIgniter\CodeIgniter->runController(Object(App\Controllers\user\Homectrl))
#10 C:\xampp\htdocs\company-profile-3\system\CodeIgniter.php(366): CodeIgniter\CodeIgniter->handleRequest(NULL, Object(Config\Cache), false)
#11 C:\xampp\htdocs\company-profile-3\public\index.php(67): CodeIgniter\CodeIgniter->run()
#12 C:\xampp\htdocs\company-profile-3\system\Commands\Server\rewrite.php(47): require_once('C:\\xampp\\htdocs...')
#13 {main}

Next mysqli_sql_exception: MySQL server has gone away in C:\xampp\htdocs\company-profile-3\system\Database\MySQLi\Connection.php:173
Stack trace:
#0 C:\xampp\htdocs\company-profile-3\system\Database\MySQLi\Connection.php(173): mysqli->real_connect('localhost', 'root', Object(SensitiveParameterValue), 'company_profile', 3306, '', 0)
#1 C:\xampp\htdocs\company-profile-3\system\Database\BaseConnection.php(391): CodeIgniter\Database\MySQLi\Connection->connect(false)
#2 C:\xampp\htdocs\company-profile-3\system\Database\BaseConnection.php(574): CodeIgniter\Database\BaseConnection->initialize()
#3 C:\xampp\htdocs\company-profile-3\system\Database\BaseBuilder.php(1616): CodeIgniter\Database\BaseConnection->query('SELECT *\nFROM `...', Array, false)
#4 C:\xampp\htdocs\company-profile-3\system\Model.php(241): CodeIgniter\Database\BaseBuilder->get()
#5 C:\xampp\htdocs\company-profile-3\system\BaseModel.php(618): CodeIgniter\Model->doFindAll(0, 0)
#6 C:\xampp\htdocs\company-profile-3\app\Controllers\user\Homectrl.php(28): CodeIgniter\BaseModel->findAll()
#7 C:\xampp\htdocs\company-profile-3\system\CodeIgniter.php(932): App\Controllers\user\Homectrl->index()
#8 C:\xampp\htdocs\company-profile-3\system\CodeIgniter.php(497): CodeIgniter\CodeIgniter->runController(Object(App\Controllers\user\Homectrl))
#9 C:\xampp\htdocs\company-profile-3\system\CodeIgniter.php(366): CodeIgniter\CodeIgniter->handleRequest(NULL, Object(Config\Cache), false)
#10 C:\xampp\htdocs\company-profile-3\public\index.php(67): CodeIgniter\CodeIgniter->run()
#11 C:\xampp\htdocs\company-profile-3\system\Commands\Server\rewrite.php(47): require_once('C:\\xampp\\htdocs...')
#12 {main}

Next CodeIgniter\Database\Exceptions\DatabaseException: MySQL server has gone away in C:\xampp\htdocs\company-profile-3\system\Database\MySQLi\Connection.php:218
Stack trace:
#0 C:\xampp\htdocs\company-profile-3\system\Database\BaseConnection.php(391): CodeIgniter\Database\MySQLi\Connection->connect(false)
#1 C:\xampp\htdocs\company-profile-3\system\Database\BaseConnection.php(574): CodeIgniter\Database\BaseConnection->initialize()
#2 C:\xampp\htdocs\company-profile-3\system\Database\BaseBuilder.php(1616): CodeIgniter\Database\BaseConnection->query('SELECT *\nFROM `...', Array, false)
#3 C:\xampp\htdocs\company-profile-3\system\Model.php(241): CodeIgniter\Database\BaseBuilder->get()
#4 C:\xampp\htdocs\company-profile-3\system\BaseModel.php(618): CodeIgniter\Model->doFindAll(0, 0)
#5 C:\xampp\htdocs\company-profile-3\app\Controllers\user\Homectrl.php(28): CodeIgniter\BaseModel->findAll()
#6 C:\xampp\htdocs\company-profile-3\system\CodeIgniter.php(932): App\Controllers\user\Homectrl->index()
#7 C:\xampp\htdocs\company-profile-3\system\CodeIgniter.php(497): CodeIgniter\CodeIgniter->runController(Object(App\Controllers\user\Homectrl))
#8 C:\xampp\htdocs\company-profile-3\system\CodeIgniter.php(366): CodeIgniter\CodeIgniter->handleRequest(NULL, Object(Config\Cache), false)
#9 C:\xampp\htdocs\company-profile-3\public\index.php(67): CodeIgniter\CodeIgniter->run()
#10 C:\xampp\htdocs\company-profile-3\system\Commands\Server\rewrite.php(47): require_once('C:\\xampp\\htdocs...')
#11 {main}
CRITICAL - 2023-09-25 02:26:40 --> Unable to connect to the database.
Main connection [MySQLi]: MySQL server has gone away
in SYSTEMPATH\Database\BaseConnection.php on line 427.
 1 SYSTEMPATH\Database\BaseConnection.php(574): CodeIgniter\Database\BaseConnection->initialize()
 2 SYSTEMPATH\Database\BaseBuilder.php(1616): CodeIgniter\Database\BaseConnection->query('SELECT *
FROM `tb_profil`', [], false)
 3 SYSTEMPATH\Model.php(241): CodeIgniter\Database\BaseBuilder->get()
 4 SYSTEMPATH\BaseModel.php(618): CodeIgniter\Model->doFindAll(0, 0)
 5 APPPATH\Controllers\user\Homectrl.php(28): CodeIgniter\BaseModel->findAll()
 6 SYSTEMPATH\CodeIgniter.php(932): App\Controllers\user\Homectrl->index()
 7 SYSTEMPATH\CodeIgniter.php(497): CodeIgniter\CodeIgniter->runController(Object(App\Controllers\user\Homectrl))
 8 SYSTEMPATH\CodeIgniter.php(366): CodeIgniter\CodeIgniter->handleRequest(null, Object(Config\Cache), false)
 9 FCPATH\index.php(67): CodeIgniter\CodeIgniter->run()
10 SYSTEMPATH\Commands\Server\rewrite.php(47): require_once('C:\\xampp\\htdocs\\company-profile-3\\public\\index.php')
INFO - 2023-09-25 02:26:40 --> Session: Class initialized using 'CodeIgniter\Session\Handlers\FileHandler' driver.
ERROR - 2023-09-25 02:26:40 --> Error connecting to the database: ErrorException: Packets out of order. Expected 0 received 1. Packet size=68 in C:\xampp\htdocs\company-profile-3\system\Database\MySQLi\Connection.php:173
Stack trace:
#0 [internal function]: CodeIgniter\Debug\Exceptions->errorHandler(2, 'Packets out of ...', 'C:\\xampp\\htdocs...', 173)
#1 C:\xampp\htdocs\company-profile-3\system\Database\MySQLi\Connection.php(173): mysqli->real_connect('localhost', 'root', Object(SensitiveParameterValue), 'company_profile', 3306, '', 0)
#2 C:\xampp\htdocs\company-profile-3\system\Database\BaseConnection.php(391): CodeIgniter\Database\MySQLi\Connection->connect(false)
#3 C:\xampp\htdocs\company-profile-3\system\Database\BaseConnection.php(574): CodeIgniter\Database\BaseConnection->initialize()
#4 C:\xampp\htdocs\company-profile-3\system\Database\BaseBuilder.php(1616): CodeIgniter\Database\BaseConnection->query('SELECT *\nFROM `...', Array, false)
#5 C:\xampp\htdocs\company-profile-3\system\Model.php(241): CodeIgniter\Database\BaseBuilder->get()
#6 C:\xampp\htdocs\company-profile-3\system\BaseModel.php(618): CodeIgniter\Model->doFindAll(0, 0)
#7 C:\xampp\htdocs\company-profile-3\app\Controllers\user\Homectrl.php(28): CodeIgniter\BaseModel->findAll()
#8 C:\xampp\htdocs\company-profile-3\system\CodeIgniter.php(932): App\Controllers\user\Homectrl->index()
#9 C:\xampp\htdocs\company-profile-3\system\CodeIgniter.php(497): CodeIgniter\CodeIgniter->runController(Object(App\Controllers\user\Homectrl))
#10 C:\xampp\htdocs\company-profile-3\system\CodeIgniter.php(366): CodeIgniter\CodeIgniter->handleRequest(NULL, Object(Config\Cache), false)
#11 C:\xampp\htdocs\company-profile-3\public\index.php(67): CodeIgniter\CodeIgniter->run()
#12 C:\xampp\htdocs\company-profile-3\system\Commands\Server\rewrite.php(47): require_once('C:\\xampp\\htdocs...')
#13 {main}

Next mysqli_sql_exception: MySQL server has gone away in C:\xampp\htdocs\company-profile-3\system\Database\MySQLi\Connection.php:173
Stack trace:
#0 C:\xampp\htdocs\company-profile-3\system\Database\MySQLi\Connection.php(173): mysqli->real_connect('localhost', 'root', Object(SensitiveParameterValue), 'company_profile', 3306, '', 0)
#1 C:\xampp\htdocs\company-profile-3\system\Database\BaseConnection.php(391): CodeIgniter\Database\MySQLi\Connection->connect(false)
#2 C:\xampp\htdocs\company-profile-3\system\Database\BaseConnection.php(574): CodeIgniter\Database\BaseConnection->initialize()
#3 C:\xampp\htdocs\company-profile-3\system\Database\BaseBuilder.php(1616): CodeIgniter\Database\BaseConnection->query('SELECT *\nFROM `...', Array, false)
#4 C:\xampp\htdocs\company-profile-3\system\Model.php(241): CodeIgniter\Database\BaseBuilder->get()
#5 C:\xampp\htdocs\company-profile-3\system\BaseModel.php(618): CodeIgniter\Model->doFindAll(0, 0)
#6 C:\xampp\htdocs\company-profile-3\app\Controllers\user\Homectrl.php(28): CodeIgniter\BaseModel->findAll()
#7 C:\xampp\htdocs\company-profile-3\system\CodeIgniter.php(932): App\Controllers\user\Homectrl->index()
#8 C:\xampp\htdocs\company-profile-3\system\CodeIgniter.php(497): CodeIgniter\CodeIgniter->runController(Object(App\Controllers\user\Homectrl))
#9 C:\xampp\htdocs\company-profile-3\system\CodeIgniter.php(366): CodeIgniter\CodeIgniter->handleRequest(NULL, Object(Config\Cache), false)
#10 C:\xampp\htdocs\company-profile-3\public\index.php(67): CodeIgniter\CodeIgniter->run()
#11 C:\xampp\htdocs\company-profile-3\system\Commands\Server\rewrite.php(47): require_once('C:\\xampp\\htdocs...')
#12 {main}

Next CodeIgniter\Database\Exceptions\DatabaseException: MySQL server has gone away in C:\xampp\htdocs\company-profile-3\system\Database\MySQLi\Connection.php:218
Stack trace:
#0 C:\xampp\htdocs\company-profile-3\system\Database\BaseConnection.php(391): CodeIgniter\Database\MySQLi\Connection->connect(false)
#1 C:\xampp\htdocs\company-profile-3\system\Database\BaseConnection.php(574): CodeIgniter\Database\BaseConnection->initialize()
#2 C:\xampp\htdocs\company-profile-3\system\Database\BaseBuilder.php(1616): CodeIgniter\Database\BaseConnection->query('SELECT *\nFROM `...', Array, false)
#3 C:\xampp\htdocs\company-profile-3\system\Model.php(241): CodeIgniter\Database\BaseBuilder->get()
#4 C:\xampp\htdocs\company-profile-3\system\BaseModel.php(618): CodeIgniter\Model->doFindAll(0, 0)
#5 C:\xampp\htdocs\company-profile-3\app\Controllers\user\Homectrl.php(28): CodeIgniter\BaseModel->findAll()
#6 C:\xampp\htdocs\company-profile-3\system\CodeIgniter.php(932): App\Controllers\user\Homectrl->index()
#7 C:\xampp\htdocs\company-profile-3\system\CodeIgniter.php(497): CodeIgniter\CodeIgniter->runController(Object(App\Controllers\user\Homectrl))
#8 C:\xampp\htdocs\company-profile-3\system\CodeIgniter.php(366): CodeIgniter\CodeIgniter->handleRequest(NULL, Object(Config\Cache), false)
#9 C:\xampp\htdocs\company-profile-3\public\index.php(67): CodeIgniter\CodeIgniter->run()
#10 C:\xampp\htdocs\company-profile-3\system\Commands\Server\rewrite.php(47): require_once('C:\\xampp\\htdocs...')
#11 {main}
CRITICAL - 2023-09-25 02:26:40 --> Unable to connect to the database.
Main connection [MySQLi]: MySQL server has gone away
in SYSTEMPATH\Database\BaseConnection.php on line 427.
 1 SYSTEMPATH\Database\BaseConnection.php(574): CodeIgniter\Database\BaseConnection->initialize()
 2 SYSTEMPATH\Database\BaseBuilder.php(1616): CodeIgniter\Database\BaseConnection->query('SELECT *
FROM `tb_profil`', [], false)
 3 SYSTEMPATH\Model.php(241): CodeIgniter\Database\BaseBuilder->get()
 4 SYSTEMPATH\BaseModel.php(618): CodeIgniter\Model->doFindAll(0, 0)
 5 APPPATH\Controllers\user\Homectrl.php(28): CodeIgniter\BaseModel->findAll()
 6 SYSTEMPATH\CodeIgniter.php(932): App\Controllers\user\Homectrl->index()
 7 SYSTEMPATH\CodeIgniter.php(497): CodeIgniter\CodeIgniter->runController(Object(App\Controllers\user\Homectrl))
 8 SYSTEMPATH\CodeIgniter.php(366): CodeIgniter\CodeIgniter->handleRequest(null, Object(Config\Cache), false)
 9 FCPATH\index.php(67): CodeIgniter\CodeIgniter->run()
10 SYSTEMPATH\Commands\Server\rewrite.php(47): require_once('C:\\xampp\\htdocs\\company-profile-3\\public\\index.php')
INFO - 2023-09-25 02:26:53 --> Session: Class initialized using 'CodeIgniter\Session\Handlers\FileHandler' driver.
ERROR - 2023-09-25 02:26:53 --> Error connecting to the database: ErrorException: Packets out of order. Expected 0 received 1. Packet size=68 in C:\xampp\htdocs\company-profile-3\system\Database\MySQLi\Connection.php:173
Stack trace:
#0 [internal function]: CodeIgniter\Debug\Exceptions->errorHandler(2, 'Packets out of ...', 'C:\\xampp\\htdocs...', 173)
#1 C:\xampp\htdocs\company-profile-3\system\Database\MySQLi\Connection.php(173): mysqli->real_connect('localhost', 'root', Object(SensitiveParameterValue), 'company_profile', 3306, '', 0)
#2 C:\xampp\htdocs\company-profile-3\system\Database\BaseConnection.php(391): CodeIgniter\Database\MySQLi\Connection->connect(false)
#3 C:\xampp\htdocs\company-profile-3\system\Database\BaseConnection.php(574): CodeIgniter\Database\BaseConnection->initialize()
#4 C:\xampp\htdocs\company-profile-3\system\Database\BaseBuilder.php(1616): CodeIgniter\Database\BaseConnection->query('SELECT *\nFROM `...', Array, false)
#5 C:\xampp\htdocs\company-profile-3\system\Model.php(241): CodeIgniter\Database\BaseBuilder->get()
#6 C:\xampp\htdocs\company-profile-3\system\BaseModel.php(618): CodeIgniter\Model->doFindAll(0, 0)
#7 C:\xampp\htdocs\company-profile-3\app\Controllers\user\Homectrl.php(28): CodeIgniter\BaseModel->findAll()
#8 C:\xampp\htdocs\company-profile-3\system\CodeIgniter.php(932): App\Controllers\user\Homectrl->index()
#9 C:\xampp\htdocs\company-profile-3\system\CodeIgniter.php(497): CodeIgniter\CodeIgniter->runController(Object(App\Controllers\user\Homectrl))
#10 C:\xampp\htdocs\company-profile-3\system\CodeIgniter.php(366): CodeIgniter\CodeIgniter->handleRequest(NULL, Object(Config\Cache), false)
#11 C:\xampp\htdocs\company-profile-3\public\index.php(67): CodeIgniter\CodeIgniter->run()
#12 C:\xampp\htdocs\company-profile-3\system\Commands\Server\rewrite.php(47): require_once('C:\\xampp\\htdocs...')
#13 {main}

Next mysqli_sql_exception: MySQL server has gone away in C:\xampp\htdocs\company-profile-3\system\Database\MySQLi\Connection.php:173
Stack trace:
#0 C:\xampp\htdocs\company-profile-3\system\Database\MySQLi\Connection.php(173): mysqli->real_connect('localhost', 'root', Object(SensitiveParameterValue), 'company_profile', 3306, '', 0)
#1 C:\xampp\htdocs\company-profile-3\system\Database\BaseConnection.php(391): CodeIgniter\Database\MySQLi\Connection->connect(false)
#2 C:\xampp\htdocs\company-profile-3\system\Database\BaseConnection.php(574): CodeIgniter\Database\BaseConnection->initialize()
#3 C:\xampp\htdocs\company-profile-3\system\Database\BaseBuilder.php(1616): CodeIgniter\Database\BaseConnection->query('SELECT *\nFROM `...', Array, false)
#4 C:\xampp\htdocs\company-profile-3\system\Model.php(241): CodeIgniter\Database\BaseBuilder->get()
#5 C:\xampp\htdocs\company-profile-3\system\BaseModel.php(618): CodeIgniter\Model->doFindAll(0, 0)
#6 C:\xampp\htdocs\company-profile-3\app\Controllers\user\Homectrl.php(28): CodeIgniter\BaseModel->findAll()
#7 C:\xampp\htdocs\company-profile-3\system\CodeIgniter.php(932): App\Controllers\user\Homectrl->index()
#8 C:\xampp\htdocs\company-profile-3\system\CodeIgniter.php(497): CodeIgniter\CodeIgniter->runController(Object(App\Controllers\user\Homectrl))
#9 C:\xampp\htdocs\company-profile-3\system\CodeIgniter.php(366): CodeIgniter\CodeIgniter->handleRequest(NULL, Object(Config\Cache), false)
#10 C:\xampp\htdocs\company-profile-3\public\index.php(67): CodeIgniter\CodeIgniter->run()
#11 C:\xampp\htdocs\company-profile-3\system\Commands\Server\rewrite.php(47): require_once('C:\\xampp\\htdocs...')
#12 {main}

Next CodeIgniter\Database\Exceptions\DatabaseException: MySQL server has gone away in C:\xampp\htdocs\company-profile-3\system\Database\MySQLi\Connection.php:218
Stack trace:
#0 C:\xampp\htdocs\company-profile-3\system\Database\BaseConnection.php(391): CodeIgniter\Database\MySQLi\Connection->connect(false)
#1 C:\xampp\htdocs\company-profile-3\system\Database\BaseConnection.php(574): CodeIgniter\Database\BaseConnection->initialize()
#2 C:\xampp\htdocs\company-profile-3\system\Database\BaseBuilder.php(1616): CodeIgniter\Database\BaseConnection->query('SELECT *\nFROM `...', Array, false)
#3 C:\xampp\htdocs\company-profile-3\system\Model.php(241): CodeIgniter\Database\BaseBuilder->get()
#4 C:\xampp\htdocs\company-profile-3\system\BaseModel.php(618): CodeIgniter\Model->doFindAll(0, 0)
#5 C:\xampp\htdocs\company-profile-3\app\Controllers\user\Homectrl.php(28): CodeIgniter\BaseModel->findAll()
#6 C:\xampp\htdocs\company-profile-3\system\CodeIgniter.php(932): App\Controllers\user\Homectrl->index()
#7 C:\xampp\htdocs\company-profile-3\system\CodeIgniter.php(497): CodeIgniter\CodeIgniter->runController(Object(App\Controllers\user\Homectrl))
#8 C:\xampp\htdocs\company-profile-3\system\CodeIgniter.php(366): CodeIgniter\CodeIgniter->handleRequest(NULL, Object(Config\Cache), false)
#9 C:\xampp\htdocs\company-profile-3\public\index.php(67): CodeIgniter\CodeIgniter->run()
#10 C:\xampp\htdocs\company-profile-3\system\Commands\Server\rewrite.php(47): require_once('C:\\xampp\\htdocs...')
#11 {main}
CRITICAL - 2023-09-25 02:26:53 --> Unable to connect to the database.
Main connection [MySQLi]: MySQL server has gone away
in SYSTEMPATH\Database\BaseConnection.php on line 427.
 1 SYSTEMPATH\Database\BaseConnection.php(574): CodeIgniter\Database\BaseConnection->initialize()
 2 SYSTEMPATH\Database\BaseBuilder.php(1616): CodeIgniter\Database\BaseConnection->query('SELECT *
FROM `tb_profil`', [], false)
 3 SYSTEMPATH\Model.php(241): CodeIgniter\Database\BaseBuilder->get()
 4 SYSTEMPATH\BaseModel.php(618): CodeIgniter\Model->doFindAll(0, 0)
 5 APPPATH\Controllers\user\Homectrl.php(28): CodeIgniter\BaseModel->findAll()
 6 SYSTEMPATH\CodeIgniter.php(932): App\Controllers\user\Homectrl->index()
 7 SYSTEMPATH\CodeIgniter.php(497): CodeIgniter\CodeIgniter->runController(Object(App\Controllers\user\Homectrl))
 8 SYSTEMPATH\CodeIgniter.php(366): CodeIgniter\CodeIgniter->handleRequest(null, Object(Config\Cache), false)
 9 FCPATH\index.php(67): CodeIgniter\CodeIgniter->run()
10 SYSTEMPATH\Commands\Server\rewrite.php(47): require_once('C:\\xampp\\htdocs\\company-profile-3\\public\\index.php')
INFO - 2023-09-25 02:26:54 --> Session: Class initialized using 'CodeIgniter\Session\Handlers\FileHandler' driver.
ERROR - 2023-09-25 02:26:54 --> Error connecting to the database: ErrorException: Packets out of order. Expected 0 received 1. Packet size=68 in C:\xampp\htdocs\company-profile-3\system\Database\MySQLi\Connection.php:173
Stack trace:
#0 [internal function]: CodeIgniter\Debug\Exceptions->errorHandler(2, 'Packets out of ...', 'C:\\xampp\\htdocs...', 173)
#1 C:\xampp\htdocs\company-profile-3\system\Database\MySQLi\Connection.php(173): mysqli->real_connect('localhost', 'root', Object(SensitiveParameterValue), 'company_profile', 3306, '', 0)
#2 C:\xampp\htdocs\company-profile-3\system\Database\BaseConnection.php(391): CodeIgniter\Database\MySQLi\Connection->connect(false)
#3 C:\xampp\htdocs\company-profile-3\system\Database\BaseConnection.php(574): CodeIgniter\Database\BaseConnection->initialize()
#4 C:\xampp\htdocs\company-profile-3\system\Database\BaseBuilder.php(1616): CodeIgniter\Database\BaseConnection->query('SELECT *\nFROM `...', Array, false)
#5 C:\xampp\htdocs\company-profile-3\system\Model.php(241): CodeIgniter\Database\BaseBuilder->get()
#6 C:\xampp\htdocs\company-profile-3\system\BaseModel.php(618): CodeIgniter\Model->doFindAll(0, 0)
#7 C:\xampp\htdocs\company-profile-3\app\Controllers\user\Homectrl.php(28): CodeIgniter\BaseModel->findAll()
#8 C:\xampp\htdocs\company-profile-3\system\CodeIgniter.php(932): App\Controllers\user\Homectrl->index()
#9 C:\xampp\htdocs\company-profile-3\system\CodeIgniter.php(497): CodeIgniter\CodeIgniter->runController(Object(App\Controllers\user\Homectrl))
#10 C:\xampp\htdocs\company-profile-3\system\CodeIgniter.php(366): CodeIgniter\CodeIgniter->handleRequest(NULL, Object(Config\Cache), false)
#11 C:\xampp\htdocs\company-profile-3\public\index.php(67): CodeIgniter\CodeIgniter->run()
#12 C:\xampp\htdocs\company-profile-3\system\Commands\Server\rewrite.php(47): require_once('C:\\xampp\\htdocs...')
#13 {main}

Next mysqli_sql_exception: MySQL server has gone away in C:\xampp\htdocs\company-profile-3\system\Database\MySQLi\Connection.php:173
Stack trace:
#0 C:\xampp\htdocs\company-profile-3\system\Database\MySQLi\Connection.php(173): mysqli->real_connect('localhost', 'root', Object(SensitiveParameterValue), 'company_profile', 3306, '', 0)
#1 C:\xampp\htdocs\company-profile-3\system\Database\BaseConnection.php(391): CodeIgniter\Database\MySQLi\Connection->connect(false)
#2 C:\xampp\htdocs\company-profile-3\system\Database\BaseConnection.php(574): CodeIgniter\Database\BaseConnection->initialize()
#3 C:\xampp\htdocs\company-profile-3\system\Database\BaseBuilder.php(1616): CodeIgniter\Database\BaseConnection->query('SELECT *\nFROM `...', Array, false)
#4 C:\xampp\htdocs\company-profile-3\system\Model.php(241): CodeIgniter\Database\BaseBuilder->get()
#5 C:\xampp\htdocs\company-profile-3\system\BaseModel.php(618): CodeIgniter\Model->doFindAll(0, 0)
#6 C:\xampp\htdocs\company-profile-3\app\Controllers\user\Homectrl.php(28): CodeIgniter\BaseModel->findAll()
#7 C:\xampp\htdocs\company-profile-3\system\CodeIgniter.php(932): App\Controllers\user\Homectrl->index()
#8 C:\xampp\htdocs\company-profile-3\system\CodeIgniter.php(497): CodeIgniter\CodeIgniter->runController(Object(App\Controllers\user\Homectrl))
#9 C:\xampp\htdocs\company-profile-3\system\CodeIgniter.php(366): CodeIgniter\CodeIgniter->handleRequest(NULL, Object(Config\Cache), false)
#10 C:\xampp\htdocs\company-profile-3\public\index.php(67): CodeIgniter\CodeIgniter->run()
#11 C:\xampp\htdocs\company-profile-3\system\Commands\Server\rewrite.php(47): require_once('C:\\xampp\\htdocs...')
#12 {main}

Next CodeIgniter\Database\Exceptions\DatabaseException: MySQL server has gone away in C:\xampp\htdocs\company-profile-3\system\Database\MySQLi\Connection.php:218
Stack trace:
#0 C:\xampp\htdocs\company-profile-3\system\Database\BaseConnection.php(391): CodeIgniter\Database\MySQLi\Connection->connect(false)
#1 C:\xampp\htdocs\company-profile-3\system\Database\BaseConnection.php(574): CodeIgniter\Database\BaseConnection->initialize()
#2 C:\xampp\htdocs\company-profile-3\system\Database\BaseBuilder.php(1616): CodeIgniter\Database\BaseConnection->query('SELECT *\nFROM `...', Array, false)
#3 C:\xampp\htdocs\company-profile-3\system\Model.php(241): CodeIgniter\Database\BaseBuilder->get()
#4 C:\xampp\htdocs\company-profile-3\system\BaseModel.php(618): CodeIgniter\Model->doFindAll(0, 0)
#5 C:\xampp\htdocs\company-profile-3\app\Controllers\user\Homectrl.php(28): CodeIgniter\BaseModel->findAll()
#6 C:\xampp\htdocs\company-profile-3\system\CodeIgniter.php(932): App\Controllers\user\Homectrl->index()
#7 C:\xampp\htdocs\company-profile-3\system\CodeIgniter.php(497): CodeIgniter\CodeIgniter->runController(Object(App\Controllers\user\Homectrl))
#8 C:\xampp\htdocs\company-profile-3\system\CodeIgniter.php(366): CodeIgniter\CodeIgniter->handleRequest(NULL, Object(Config\Cache), false)
#9 C:\xampp\htdocs\company-profile-3\public\index.php(67): CodeIgniter\CodeIgniter->run()
#10 C:\xampp\htdocs\company-profile-3\system\Commands\Server\rewrite.php(47): require_once('C:\\xampp\\htdocs...')
#11 {main}
CRITICAL - 2023-09-25 02:26:54 --> Unable to connect to the database.
Main connection [MySQLi]: MySQL server has gone away
in SYSTEMPATH\Database\BaseConnection.php on line 427.
 1 SYSTEMPATH\Database\BaseConnection.php(574): CodeIgniter\Database\BaseConnection->initialize()
 2 SYSTEMPATH\Database\BaseBuilder.php(1616): CodeIgniter\Database\BaseConnection->query('SELECT *
FROM `tb_profil`', [], false)
 3 SYSTEMPATH\Model.php(241): CodeIgniter\Database\BaseBuilder->get()
 4 SYSTEMPATH\BaseModel.php(618): CodeIgniter\Model->doFindAll(0, 0)
 5 APPPATH\Controllers\user\Homectrl.php(28): CodeIgniter\BaseModel->findAll()
 6 SYSTEMPATH\CodeIgniter.php(932): App\Controllers\user\Homectrl->index()
 7 SYSTEMPATH\CodeIgniter.php(497): CodeIgniter\CodeIgniter->runController(Object(App\Controllers\user\Homectrl))
 8 SYSTEMPATH\CodeIgniter.php(366): CodeIgniter\CodeIgniter->handleRequest(null, Object(Config\Cache), false)
 9 FCPATH\index.php(67): CodeIgniter\CodeIgniter->run()
10 SYSTEMPATH\Commands\Server\rewrite.php(47): require_once('C:\\xampp\\htdocs\\company-profile-3\\public\\index.php')
INFO - 2023-09-25 02:26:55 --> Session: Class initialized using 'CodeIgniter\Session\Handlers\FileHandler' driver.
ERROR - 2023-09-25 02:26:55 --> Error connecting to the database: ErrorException: Packets out of order. Expected 0 received 1. Packet size=68 in C:\xampp\htdocs\company-profile-3\system\Database\MySQLi\Connection.php:173
Stack trace:
#0 [internal function]: CodeIgniter\Debug\Exceptions->errorHandler(2, 'Packets out of ...', 'C:\\xampp\\htdocs...', 173)
#1 C:\xampp\htdocs\company-profile-3\system\Database\MySQLi\Connection.php(173): mysqli->real_connect('localhost', 'root', Object(SensitiveParameterValue), 'company_profile', 3306, '', 0)
#2 C:\xampp\htdocs\company-profile-3\system\Database\BaseConnection.php(391): CodeIgniter\Database\MySQLi\Connection->connect(false)
#3 C:\xampp\htdocs\company-profile-3\system\Database\BaseConnection.php(574): CodeIgniter\Database\BaseConnection->initialize()
#4 C:\xampp\htdocs\company-profile-3\system\Database\BaseBuilder.php(1616): CodeIgniter\Database\BaseConnection->query('SELECT *\nFROM `...', Array, false)
#5 C:\xampp\htdocs\company-profile-3\system\Model.php(241): CodeIgniter\Database\BaseBuilder->get()
#6 C:\xampp\htdocs\company-profile-3\system\BaseModel.php(618): CodeIgniter\Model->doFindAll(0, 0)
#7 C:\xampp\htdocs\company-profile-3\app\Controllers\user\Homectrl.php(28): CodeIgniter\BaseModel->findAll()
#8 C:\xampp\htdocs\company-profile-3\system\CodeIgniter.php(932): App\Controllers\user\Homectrl->index()
#9 C:\xampp\htdocs\company-profile-3\system\CodeIgniter.php(497): CodeIgniter\CodeIgniter->runController(Object(App\Controllers\user\Homectrl))
#10 C:\xampp\htdocs\company-profile-3\system\CodeIgniter.php(366): CodeIgniter\CodeIgniter->handleRequest(NULL, Object(Config\Cache), false)
#11 C:\xampp\htdocs\company-profile-3\public\index.php(67): CodeIgniter\CodeIgniter->run()
#12 C:\xampp\htdocs\company-profile-3\system\Commands\Server\rewrite.php(47): require_once('C:\\xampp\\htdocs...')
#13 {main}

Next mysqli_sql_exception: MySQL server has gone away in C:\xampp\htdocs\company-profile-3\system\Database\MySQLi\Connection.php:173
Stack trace:
#0 C:\xampp\htdocs\company-profile-3\system\Database\MySQLi\Connection.php(173): mysqli->real_connect('localhost', 'root', Object(SensitiveParameterValue), 'company_profile', 3306, '', 0)
#1 C:\xampp\htdocs\company-profile-3\system\Database\BaseConnection.php(391): CodeIgniter\Database\MySQLi\Connection->connect(false)
#2 C:\xampp\htdocs\company-profile-3\system\Database\BaseConnection.php(574): CodeIgniter\Database\BaseConnection->initialize()
#3 C:\xampp\htdocs\company-profile-3\system\Database\BaseBuilder.php(1616): CodeIgniter\Database\BaseConnection->query('SELECT *\nFROM `...', Array, false)
#4 C:\xampp\htdocs\company-profile-3\system\Model.php(241): CodeIgniter\Database\BaseBuilder->get()
#5 C:\xampp\htdocs\company-profile-3\system\BaseModel.php(618): CodeIgniter\Model->doFindAll(0, 0)
#6 C:\xampp\htdocs\company-profile-3\app\Controllers\user\Homectrl.php(28): CodeIgniter\BaseModel->findAll()
#7 C:\xampp\htdocs\company-profile-3\system\CodeIgniter.php(932): App\Controllers\user\Homectrl->index()
#8 C:\xampp\htdocs\company-profile-3\system\CodeIgniter.php(497): CodeIgniter\CodeIgniter->runController(Object(App\Controllers\user\Homectrl))
#9 C:\xampp\htdocs\company-profile-3\system\CodeIgniter.php(366): CodeIgniter\CodeIgniter->handleRequest(NULL, Object(Config\Cache), false)
#10 C:\xampp\htdocs\company-profile-3\public\index.php(67): CodeIgniter\CodeIgniter->run()
#11 C:\xampp\htdocs\company-profile-3\system\Commands\Server\rewrite.php(47): require_once('C:\\xampp\\htdocs...')
#12 {main}

Next CodeIgniter\Database\Exceptions\DatabaseException: MySQL server has gone away in C:\xampp\htdocs\company-profile-3\system\Database\MySQLi\Connection.php:218
Stack trace:
#0 C:\xampp\htdocs\company-profile-3\system\Database\BaseConnection.php(391): CodeIgniter\Database\MySQLi\Connection->connect(false)
#1 C:\xampp\htdocs\company-profile-3\system\Database\BaseConnection.php(574): CodeIgniter\Database\BaseConnection->initialize()
#2 C:\xampp\htdocs\company-profile-3\system\Database\BaseBuilder.php(1616): CodeIgniter\Database\BaseConnection->query('SELECT *\nFROM `...', Array, false)
#3 C:\xampp\htdocs\company-profile-3\system\Model.php(241): CodeIgniter\Database\BaseBuilder->get()
#4 C:\xampp\htdocs\company-profile-3\system\BaseModel.php(618): CodeIgniter\Model->doFindAll(0, 0)
#5 C:\xampp\htdocs\company-profile-3\app\Controllers\user\Homectrl.php(28): CodeIgniter\BaseModel->findAll()
#6 C:\xampp\htdocs\company-profile-3\system\CodeIgniter.php(932): App\Controllers\user\Homectrl->index()
#7 C:\xampp\htdocs\company-profile-3\system\CodeIgniter.php(497): CodeIgniter\CodeIgniter->runController(Object(App\Controllers\user\Homectrl))
#8 C:\xampp\htdocs\company-profile-3\system\CodeIgniter.php(366): CodeIgniter\CodeIgniter->handleRequest(NULL, Object(Config\Cache), false)
#9 C:\xampp\htdocs\company-profile-3\public\index.php(67): CodeIgniter\CodeIgniter->run()
#10 C:\xampp\htdocs\company-profile-3\system\Commands\Server\rewrite.php(47): require_once('C:\\xampp\\htdocs...')
#11 {main}
CRITICAL - 2023-09-25 02:26:55 --> Unable to connect to the database.
Main connection [MySQLi]: MySQL server has gone away
in SYSTEMPATH\Database\BaseConnection.php on line 427.
 1 SYSTEMPATH\Database\BaseConnection.php(574): CodeIgniter\Database\BaseConnection->initialize()
 2 SYSTEMPATH\Database\BaseBuilder.php(1616): CodeIgniter\Database\BaseConnection->query('SELECT *
FROM `tb_profil`', [], false)
 3 SYSTEMPATH\Model.php(241): CodeIgniter\Database\BaseBuilder->get()
 4 SYSTEMPATH\BaseModel.php(618): CodeIgniter\Model->doFindAll(0, 0)
 5 APPPATH\Controllers\user\Homectrl.php(28): CodeIgniter\BaseModel->findAll()
 6 SYSTEMPATH\CodeIgniter.php(932): App\Controllers\user\Homectrl->index()
 7 SYSTEMPATH\CodeIgniter.php(497): CodeIgniter\CodeIgniter->runController(Object(App\Controllers\user\Homectrl))
 8 SYSTEMPATH\CodeIgniter.php(366): CodeIgniter\CodeIgniter->handleRequest(null, Object(Config\Cache), false)
 9 FCPATH\index.php(67): CodeIgniter\CodeIgniter->run()
10 SYSTEMPATH\Commands\Server\rewrite.php(47): require_once('C:\\xampp\\htdocs\\company-profile-3\\public\\index.php')
INFO - 2023-09-25 02:26:56 --> Session: Class initialized using 'CodeIgniter\Session\Handlers\FileHandler' driver.
ERROR - 2023-09-25 02:26:56 --> Error connecting to the database: ErrorException: Packets out of order. Expected 0 received 1. Packet size=68 in C:\xampp\htdocs\company-profile-3\system\Database\MySQLi\Connection.php:173
Stack trace:
#0 [internal function]: CodeIgniter\Debug\Exceptions->errorHandler(2, 'Packets out of ...', 'C:\\xampp\\htdocs...', 173)
#1 C:\xampp\htdocs\company-profile-3\system\Database\MySQLi\Connection.php(173): mysqli->real_connect('localhost', 'root', Object(SensitiveParameterValue), 'company_profile', 3306, '', 0)
#2 C:\xampp\htdocs\company-profile-3\system\Database\BaseConnection.php(391): CodeIgniter\Database\MySQLi\Connection->connect(false)
#3 C:\xampp\htdocs\company-profile-3\system\Database\BaseConnection.php(574): CodeIgniter\Database\BaseConnection->initialize()
#4 C:\xampp\htdocs\company-profile-3\system\Database\BaseBuilder.php(1616): CodeIgniter\Database\BaseConnection->query('SELECT *\nFROM `...', Array, false)
#5 C:\xampp\htdocs\company-profile-3\system\Model.php(241): CodeIgniter\Database\BaseBuilder->get()
#6 C:\xampp\htdocs\company-profile-3\system\BaseModel.php(618): CodeIgniter\Model->doFindAll(0, 0)
#7 C:\xampp\htdocs\company-profile-3\app\Controllers\user\Homectrl.php(28): CodeIgniter\BaseModel->findAll()
#8 C:\xampp\htdocs\company-profile-3\system\CodeIgniter.php(932): App\Controllers\user\Homectrl->index()
#9 C:\xampp\htdocs\company-profile-3\system\CodeIgniter.php(497): CodeIgniter\CodeIgniter->runController(Object(App\Controllers\user\Homectrl))
#10 C:\xampp\htdocs\company-profile-3\system\CodeIgniter.php(366): CodeIgniter\CodeIgniter->handleRequest(NULL, Object(Config\Cache), false)
#11 C:\xampp\htdocs\company-profile-3\public\index.php(67): CodeIgniter\CodeIgniter->run()
#12 C:\xampp\htdocs\company-profile-3\system\Commands\Server\rewrite.php(47): require_once('C:\\xampp\\htdocs...')
#13 {main}

Next mysqli_sql_exception: MySQL server has gone away in C:\xampp\htdocs\company-profile-3\system\Database\MySQLi\Connection.php:173
Stack trace:
#0 C:\xampp\htdocs\company-profile-3\system\Database\MySQLi\Connection.php(173): mysqli->real_connect('localhost', 'root', Object(SensitiveParameterValue), 'company_profile', 3306, '', 0)
#1 C:\xampp\htdocs\company-profile-3\system\Database\BaseConnection.php(391): CodeIgniter\Database\MySQLi\Connection->connect(false)
#2 C:\xampp\htdocs\company-profile-3\system\Database\BaseConnection.php(574): CodeIgniter\Database\BaseConnection->initialize()
#3 C:\xampp\htdocs\company-profile-3\system\Database\BaseBuilder.php(1616): CodeIgniter\Database\BaseConnection->query('SELECT *\nFROM `...', Array, false)
#4 C:\xampp\htdocs\company-profile-3\system\Model.php(241): CodeIgniter\Database\BaseBuilder->get()
#5 C:\xampp\htdocs\company-profile-3\system\BaseModel.php(618): CodeIgniter\Model->doFindAll(0, 0)
#6 C:\xampp\htdocs\company-profile-3\app\Controllers\user\Homectrl.php(28): CodeIgniter\BaseModel->findAll()
#7 C:\xampp\htdocs\company-profile-3\system\CodeIgniter.php(932): App\Controllers\user\Homectrl->index()
#8 C:\xampp\htdocs\company-profile-3\system\CodeIgniter.php(497): CodeIgniter\CodeIgniter->runController(Object(App\Controllers\user\Homectrl))
#9 C:\xampp\htdocs\company-profile-3\system\CodeIgniter.php(366): CodeIgniter\CodeIgniter->handleRequest(NULL, Object(Config\Cache), false)
#10 C:\xampp\htdocs\company-profile-3\public\index.php(67): CodeIgniter\CodeIgniter->run()
#11 C:\xampp\htdocs\company-profile-3\system\Commands\Server\rewrite.php(47): require_once('C:\\xampp\\htdocs...')
#12 {main}

Next CodeIgniter\Database\Exceptions\DatabaseException: MySQL server has gone away in C:\xampp\htdocs\company-profile-3\system\Database\MySQLi\Connection.php:218
Stack trace:
#0 C:\xampp\htdocs\company-profile-3\system\Database\BaseConnection.php(391): CodeIgniter\Database\MySQLi\Connection->connect(false)
#1 C:\xampp\htdocs\company-profile-3\system\Database\BaseConnection.php(574): CodeIgniter\Database\BaseConnection->initialize()
#2 C:\xampp\htdocs\company-profile-3\system\Database\BaseBuilder.php(1616): CodeIgniter\Database\BaseConnection->query('SELECT *\nFROM `...', Array, false)
#3 C:\xampp\htdocs\company-profile-3\system\Model.php(241): CodeIgniter\Database\BaseBuilder->get()
#4 C:\xampp\htdocs\company-profile-3\system\BaseModel.php(618): CodeIgniter\Model->doFindAll(0, 0)
#5 C:\xampp\htdocs\company-profile-3\app\Controllers\user\Homectrl.php(28): CodeIgniter\BaseModel->findAll()
#6 C:\xampp\htdocs\company-profile-3\system\CodeIgniter.php(932): App\Controllers\user\Homectrl->index()
#7 C:\xampp\htdocs\company-profile-3\system\CodeIgniter.php(497): CodeIgniter\CodeIgniter->runController(Object(App\Controllers\user\Homectrl))
#8 C:\xampp\htdocs\company-profile-3\system\CodeIgniter.php(366): CodeIgniter\CodeIgniter->handleRequest(NULL, Object(Config\Cache), false)
#9 C:\xampp\htdocs\company-profile-3\public\index.php(67): CodeIgniter\CodeIgniter->run()
#10 C:\xampp\htdocs\company-profile-3\system\Commands\Server\rewrite.php(47): require_once('C:\\xampp\\htdocs...')
#11 {main}
CRITICAL - 2023-09-25 02:26:56 --> Unable to connect to the database.
Main connection [MySQLi]: MySQL server has gone away
in SYSTEMPATH\Database\BaseConnection.php on line 427.
 1 SYSTEMPATH\Database\BaseConnection.php(574): CodeIgniter\Database\BaseConnection->initialize()
 2 SYSTEMPATH\Database\BaseBuilder.php(1616): CodeIgniter\Database\BaseConnection->query('SELECT *
FROM `tb_profil`', [], false)
 3 SYSTEMPATH\Model.php(241): CodeIgniter\Database\BaseBuilder->get()
 4 SYSTEMPATH\BaseModel.php(618): CodeIgniter\Model->doFindAll(0, 0)
 5 APPPATH\Controllers\user\Homectrl.php(28): CodeIgniter\BaseModel->findAll()
 6 SYSTEMPATH\CodeIgniter.php(932): App\Controllers\user\Homectrl->index()
 7 SYSTEMPATH\CodeIgniter.php(497): CodeIgniter\CodeIgniter->runController(Object(App\Controllers\user\Homectrl))
 8 SYSTEMPATH\CodeIgniter.php(366): CodeIgniter\CodeIgniter->handleRequest(null, Object(Config\Cache), false)
 9 FCPATH\index.php(67): CodeIgniter\CodeIgniter->run()
10 SYSTEMPATH\Commands\Server\rewrite.php(47): require_once('C:\\xampp\\htdocs\\company-profile-3\\public\\index.php')
INFO - 2023-09-25 02:26:56 --> Session: Class initialized using 'CodeIgniter\Session\Handlers\FileHandler' driver.
ERROR - 2023-09-25 02:26:56 --> Error connecting to the database: ErrorException: Packets out of order. Expected 0 received 1. Packet size=68 in C:\xampp\htdocs\company-profile-3\system\Database\MySQLi\Connection.php:173
Stack trace:
#0 [internal function]: CodeIgniter\Debug\Exceptions->errorHandler(2, 'Packets out of ...', 'C:\\xampp\\htdocs...', 173)
#1 C:\xampp\htdocs\company-profile-3\system\Database\MySQLi\Connection.php(173): mysqli->real_connect('localhost', 'root', Object(SensitiveParameterValue), 'company_profile', 3306, '', 0)
#2 C:\xampp\htdocs\company-profile-3\system\Database\BaseConnection.php(391): CodeIgniter\Database\MySQLi\Connection->connect(false)
#3 C:\xampp\htdocs\company-profile-3\system\Database\BaseConnection.php(574): CodeIgniter\Database\BaseConnection->initialize()
#4 C:\xampp\htdocs\company-profile-3\system\Database\BaseBuilder.php(1616): CodeIgniter\Database\BaseConnection->query('SELECT *\nFROM `...', Array, false)
#5 C:\xampp\htdocs\company-profile-3\system\Model.php(241): CodeIgniter\Database\BaseBuilder->get()
#6 C:\xampp\htdocs\company-profile-3\system\BaseModel.php(618): CodeIgniter\Model->doFindAll(0, 0)
#7 C:\xampp\htdocs\company-profile-3\app\Controllers\user\Homectrl.php(28): CodeIgniter\BaseModel->findAll()
#8 C:\xampp\htdocs\company-profile-3\system\CodeIgniter.php(932): App\Controllers\user\Homectrl->index()
#9 C:\xampp\htdocs\company-profile-3\system\CodeIgniter.php(497): CodeIgniter\CodeIgniter->runController(Object(App\Controllers\user\Homectrl))
#10 C:\xampp\htdocs\company-profile-3\system\CodeIgniter.php(366): CodeIgniter\CodeIgniter->handleRequest(NULL, Object(Config\Cache), false)
#11 C:\xampp\htdocs\company-profile-3\public\index.php(67): CodeIgniter\CodeIgniter->run()
#12 C:\xampp\htdocs\company-profile-3\system\Commands\Server\rewrite.php(47): require_once('C:\\xampp\\htdocs...')
#13 {main}

Next mysqli_sql_exception: MySQL server has gone away in C:\xampp\htdocs\company-profile-3\system\Database\MySQLi\Connection.php:173
Stack trace:
#0 C:\xampp\htdocs\company-profile-3\system\Database\MySQLi\Connection.php(173): mysqli->real_connect('localhost', 'root', Object(SensitiveParameterValue), 'company_profile', 3306, '', 0)
#1 C:\xampp\htdocs\company-profile-3\system\Database\BaseConnection.php(391): CodeIgniter\Database\MySQLi\Connection->connect(false)
#2 C:\xampp\htdocs\company-profile-3\system\Database\BaseConnection.php(574): CodeIgniter\Database\BaseConnection->initialize()
#3 C:\xampp\htdocs\company-profile-3\system\Database\BaseBuilder.php(1616): CodeIgniter\Database\BaseConnection->query('SELECT *\nFROM `...', Array, false)
#4 C:\xampp\htdocs\company-profile-3\system\Model.php(241): CodeIgniter\Database\BaseBuilder->get()
#5 C:\xampp\htdocs\company-profile-3\system\BaseModel.php(618): CodeIgniter\Model->doFindAll(0, 0)
#6 C:\xampp\htdocs\company-profile-3\app\Controllers\user\Homectrl.php(28): CodeIgniter\BaseModel->findAll()
#7 C:\xampp\htdocs\company-profile-3\system\CodeIgniter.php(932): App\Controllers\user\Homectrl->index()
#8 C:\xampp\htdocs\company-profile-3\system\CodeIgniter.php(497): CodeIgniter\CodeIgniter->runController(Object(App\Controllers\user\Homectrl))
#9 C:\xampp\htdocs\company-profile-3\system\CodeIgniter.php(366): CodeIgniter\CodeIgniter->handleRequest(NULL, Object(Config\Cache), false)
#10 C:\xampp\htdocs\company-profile-3\public\index.php(67): CodeIgniter\CodeIgniter->run()
#11 C:\xampp\htdocs\company-profile-3\system\Commands\Server\rewrite.php(47): require_once('C:\\xampp\\htdocs...')
#12 {main}

Next CodeIgniter\Database\Exceptions\DatabaseException: MySQL server has gone away in C:\xampp\htdocs\company-profile-3\system\Database\MySQLi\Connection.php:218
Stack trace:
#0 C:\xampp\htdocs\company-profile-3\system\Database\BaseConnection.php(391): CodeIgniter\Database\MySQLi\Connection->connect(false)
#1 C:\xampp\htdocs\company-profile-3\system\Database\BaseConnection.php(574): CodeIgniter\Database\BaseConnection->initialize()
#2 C:\xampp\htdocs\company-profile-3\system\Database\BaseBuilder.php(1616): CodeIgniter\Database\BaseConnection->query('SELECT *\nFROM `...', Array, false)
#3 C:\xampp\htdocs\company-profile-3\system\Model.php(241): CodeIgniter\Database\BaseBuilder->get()
#4 C:\xampp\htdocs\company-profile-3\system\BaseModel.php(618): CodeIgniter\Model->doFindAll(0, 0)
#5 C:\xampp\htdocs\company-profile-3\app\Controllers\user\Homectrl.php(28): CodeIgniter\BaseModel->findAll()
#6 C:\xampp\htdocs\company-profile-3\system\CodeIgniter.php(932): App\Controllers\user\Homectrl->index()
#7 C:\xampp\htdocs\company-profile-3\system\CodeIgniter.php(497): CodeIgniter\CodeIgniter->runController(Object(App\Controllers\user\Homectrl))
#8 C:\xampp\htdocs\company-profile-3\system\CodeIgniter.php(366): CodeIgniter\CodeIgniter->handleRequest(NULL, Object(Config\Cache), false)
#9 C:\xampp\htdocs\company-profile-3\public\index.php(67): CodeIgniter\CodeIgniter->run()
#10 C:\xampp\htdocs\company-profile-3\system\Commands\Server\rewrite.php(47): require_once('C:\\xampp\\htdocs...')
#11 {main}
CRITICAL - 2023-09-25 02:26:56 --> Unable to connect to the database.
Main connection [MySQLi]: MySQL server has gone away
in SYSTEMPATH\Database\BaseConnection.php on line 427.
 1 SYSTEMPATH\Database\BaseConnection.php(574): CodeIgniter\Database\BaseConnection->initialize()
 2 SYSTEMPATH\Database\BaseBuilder.php(1616): CodeIgniter\Database\BaseConnection->query('SELECT *
FROM `tb_profil`', [], false)
 3 SYSTEMPATH\Model.php(241): CodeIgniter\Database\BaseBuilder->get()
 4 SYSTEMPATH\BaseModel.php(618): CodeIgniter\Model->doFindAll(0, 0)
 5 APPPATH\Controllers\user\Homectrl.php(28): CodeIgniter\BaseModel->findAll()
 6 SYSTEMPATH\CodeIgniter.php(932): App\Controllers\user\Homectrl->index()
 7 SYSTEMPATH\CodeIgniter.php(497): CodeIgniter\CodeIgniter->runController(Object(App\Controllers\user\Homectrl))
 8 SYSTEMPATH\CodeIgniter.php(366): CodeIgniter\CodeIgniter->handleRequest(null, Object(Config\Cache), false)
 9 FCPATH\index.php(67): CodeIgniter\CodeIgniter->run()
10 SYSTEMPATH\Commands\Server\rewrite.php(47): require_once('C:\\xampp\\htdocs\\company-profile-3\\public\\index.php')
INFO - 2023-09-25 02:26:57 --> Session: Class initialized using 'CodeIgniter\Session\Handlers\FileHandler' driver.
ERROR - 2023-09-25 02:26:57 --> Error connecting to the database: ErrorException: Packets out of order. Expected 0 received 1. Packet size=68 in C:\xampp\htdocs\company-profile-3\system\Database\MySQLi\Connection.php:173
Stack trace:
#0 [internal function]: CodeIgniter\Debug\Exceptions->errorHandler(2, 'Packets out of ...', 'C:\\xampp\\htdocs...', 173)
#1 C:\xampp\htdocs\company-profile-3\system\Database\MySQLi\Connection.php(173): mysqli->real_connect('localhost', 'root', Object(SensitiveParameterValue), 'company_profile', 3306, '', 0)
#2 C:\xampp\htdocs\company-profile-3\system\Database\BaseConnection.php(391): CodeIgniter\Database\MySQLi\Connection->connect(false)
#3 C:\xampp\htdocs\company-profile-3\system\Database\BaseConnection.php(574): CodeIgniter\Database\BaseConnection->initialize()
#4 C:\xampp\htdocs\company-profile-3\system\Database\BaseBuilder.php(1616): CodeIgniter\Database\BaseConnection->query('SELECT *\nFROM `...', Array, false)
#5 C:\xampp\htdocs\company-profile-3\system\Model.php(241): CodeIgniter\Database\BaseBuilder->get()
#6 C:\xampp\htdocs\company-profile-3\system\BaseModel.php(618): CodeIgniter\Model->doFindAll(0, 0)
#7 C:\xampp\htdocs\company-profile-3\app\Controllers\user\Homectrl.php(28): CodeIgniter\BaseModel->findAll()
#8 C:\xampp\htdocs\company-profile-3\system\CodeIgniter.php(932): App\Controllers\user\Homectrl->index()
#9 C:\xampp\htdocs\company-profile-3\system\CodeIgniter.php(497): CodeIgniter\CodeIgniter->runController(Object(App\Controllers\user\Homectrl))
#10 C:\xampp\htdocs\company-profile-3\system\CodeIgniter.php(366): CodeIgniter\CodeIgniter->handleRequest(NULL, Object(Config\Cache), false)
#11 C:\xampp\htdocs\company-profile-3\public\index.php(67): CodeIgniter\CodeIgniter->run()
#12 C:\xampp\htdocs\company-profile-3\system\Commands\Server\rewrite.php(47): require_once('C:\\xampp\\htdocs...')
#13 {main}

Next mysqli_sql_exception: MySQL server has gone away in C:\xampp\htdocs\company-profile-3\system\Database\MySQLi\Connection.php:173
Stack trace:
#0 C:\xampp\htdocs\company-profile-3\system\Database\MySQLi\Connection.php(173): mysqli->real_connect('localhost', 'root', Object(SensitiveParameterValue), 'company_profile', 3306, '', 0)
#1 C:\xampp\htdocs\company-profile-3\system\Database\BaseConnection.php(391): CodeIgniter\Database\MySQLi\Connection->connect(false)
#2 C:\xampp\htdocs\company-profile-3\system\Database\BaseConnection.php(574): CodeIgniter\Database\BaseConnection->initialize()
#3 C:\xampp\htdocs\company-profile-3\system\Database\BaseBuilder.php(1616): CodeIgniter\Database\BaseConnection->query('SELECT *\nFROM `...', Array, false)
#4 C:\xampp\htdocs\company-profile-3\system\Model.php(241): CodeIgniter\Database\BaseBuilder->get()
#5 C:\xampp\htdocs\company-profile-3\system\BaseModel.php(618): CodeIgniter\Model->doFindAll(0, 0)
#6 C:\xampp\htdocs\company-profile-3\app\Controllers\user\Homectrl.php(28): CodeIgniter\BaseModel->findAll()
#7 C:\xampp\htdocs\company-profile-3\system\CodeIgniter.php(932): App\Controllers\user\Homectrl->index()
#8 C:\xampp\htdocs\company-profile-3\system\CodeIgniter.php(497): CodeIgniter\CodeIgniter->runController(Object(App\Controllers\user\Homectrl))
#9 C:\xampp\htdocs\company-profile-3\system\CodeIgniter.php(366): CodeIgniter\CodeIgniter->handleRequest(NULL, Object(Config\Cache), false)
#10 C:\xampp\htdocs\company-profile-3\public\index.php(67): CodeIgniter\CodeIgniter->run()
#11 C:\xampp\htdocs\company-profile-3\system\Commands\Server\rewrite.php(47): require_once('C:\\xampp\\htdocs...')
#12 {main}

Next CodeIgniter\Database\Exceptions\DatabaseException: MySQL server has gone away in C:\xampp\htdocs\company-profile-3\system\Database\MySQLi\Connection.php:218
Stack trace:
#0 C:\xampp\htdocs\company-profile-3\system\Database\BaseConnection.php(391): CodeIgniter\Database\MySQLi\Connection->connect(false)
#1 C:\xampp\htdocs\company-profile-3\system\Database\BaseConnection.php(574): CodeIgniter\Database\BaseConnection->initialize()
#2 C:\xampp\htdocs\company-profile-3\system\Database\BaseBuilder.php(1616): CodeIgniter\Database\BaseConnection->query('SELECT *\nFROM `...', Array, false)
#3 C:\xampp\htdocs\company-profile-3\system\Model.php(241): CodeIgniter\Database\BaseBuilder->get()
#4 C:\xampp\htdocs\company-profile-3\system\BaseModel.php(618): CodeIgniter\Model->doFindAll(0, 0)
#5 C:\xampp\htdocs\company-profile-3\app\Controllers\user\Homectrl.php(28): CodeIgniter\BaseModel->findAll()
#6 C:\xampp\htdocs\company-profile-3\system\CodeIgniter.php(932): App\Controllers\user\Homectrl->index()
#7 C:\xampp\htdocs\company-profile-3\system\CodeIgniter.php(497): CodeIgniter\CodeIgniter->runController(Object(App\Controllers\user\Homectrl))
#8 C:\xampp\htdocs\company-profile-3\system\CodeIgniter.php(366): CodeIgniter\CodeIgniter->handleRequest(NULL, Object(Config\Cache), false)
#9 C:\xampp\htdocs\company-profile-3\public\index.php(67): CodeIgniter\CodeIgniter->run()
#10 C:\xampp\htdocs\company-profile-3\system\Commands\Server\rewrite.php(47): require_once('C:\\xampp\\htdocs...')
#11 {main}
CRITICAL - 2023-09-25 02:26:57 --> Unable to connect to the database.
Main connection [MySQLi]: MySQL server has gone away
in SYSTEMPATH\Database\BaseConnection.php on line 427.
 1 SYSTEMPATH\Database\BaseConnection.php(574): CodeIgniter\Database\BaseConnection->initialize()
 2 SYSTEMPATH\Database\BaseBuilder.php(1616): CodeIgniter\Database\BaseConnection->query('SELECT *
FROM `tb_profil`', [], false)
 3 SYSTEMPATH\Model.php(241): CodeIgniter\Database\BaseBuilder->get()
 4 SYSTEMPATH\BaseModel.php(618): CodeIgniter\Model->doFindAll(0, 0)
 5 APPPATH\Controllers\user\Homectrl.php(28): CodeIgniter\BaseModel->findAll()
 6 SYSTEMPATH\CodeIgniter.php(932): App\Controllers\user\Homectrl->index()
 7 SYSTEMPATH\CodeIgniter.php(497): CodeIgniter\CodeIgniter->runController(Object(App\Controllers\user\Homectrl))
 8 SYSTEMPATH\CodeIgniter.php(366): CodeIgniter\CodeIgniter->handleRequest(null, Object(Config\Cache), false)
 9 FCPATH\index.php(67): CodeIgniter\CodeIgniter->run()
10 SYSTEMPATH\Commands\Server\rewrite.php(47): require_once('C:\\xampp\\htdocs\\company-profile-3\\public\\index.php')
